<?xml version="1.0" encoding="UTF-8"?>
<testsuite xmlns:xsi="http://www.w3.org/2001/XMLSchema-instance" xsi:noNamespaceSchemaLocation="https://maven.apache.org/surefire/maven-surefire-plugin/xsd/surefire-test-report.xsd" name="me.rtgamingwdt.AppTest" time="0.319" tests="1" errors="0" skipped="0" failures="0">
  <properties>
    <property name="awt.toolkit" value="sun.awt.X11.XToolkit"/>
    <property name="java.specification.version" value="11"/>
    <property name="sun.cpu.isalist" value=""/>
    <property name="sun.jnu.encoding" value="UTF-8"/>
    <property name="java.class.path" value="/home/runner/GameDev/FlappyBird/target/test-classes:/home/runner/GameDev/FlappyBird/target/classes:/home/runner/.m2/repository/junit/junit/4.11/junit-4.11.jar:/home/runner/.m2/repository/org/hamcrest/hamcrest-core/1.3/hamcrest-core-1.3.jar:/home/runner/.m2/repository/org/lwjgl/lwjgl/3.3.0/lwjgl-3.3.0.jar:/home/runner/.m2/repository/org/lwjgl/lwjgl-assimp/3.3.0/lwjgl-assimp-3.3.0.jar:/home/runner/.m2/repository/org/lwjgl/lwjgl-glfw/3.3.0/lwjgl-glfw-3.3.0.jar:/home/runner/.m2/repository/org/lwjgl/lwjgl-nfd/3.3.0/lwjgl-nfd-3.3.0.jar:/home/runner/.m2/repository/org/lwjgl/lwjgl-openal/3.3.0/lwjgl-openal-3.3.0.jar:/home/runner/.m2/repository/org/lwjgl/lwjgl-opengl/3.3.0/lwjgl-opengl-3.3.0.jar:/home/runner/.m2/repository/org/lwjgl/lwjgl-stb/3.3.0/lwjgl-stb-3.3.0.jar:/home/runner/.m2/repository/org/lwjgl/lwjgl/3.3.0/lwjgl-3.3.0-natives-windows.jar:/home/runner/.m2/repository/org/lwjgl/lwjgl-assimp/3.3.0/lwjgl-assimp-3.3.0-natives-windows.jar:/home/runner/.m2/repository/org/lwjgl/lwjgl-glfw/3.3.0/lwjgl-glfw-3.3.0-natives-windows.jar:/home/runner/.m2/repository/org/lwjgl/lwjgl-nfd/3.3.0/lwjgl-nfd-3.3.0-natives-windows.jar:/home/runner/.m2/repository/org/lwjgl/lwjgl-openal/3.3.0/lwjgl-openal-3.3.0-natives-windows.jar:/home/runner/.m2/repository/org/lwjgl/lwjgl-opengl/3.3.0/lwjgl-opengl-3.3.0-natives-windows.jar:/home/runner/.m2/repository/org/lwjgl/lwjgl-stb/3.3.0/lwjgl-stb-3.3.0-natives-windows.jar:/home/runner/.m2/repository/org/joml/joml/1.10.2/joml-1.10.2.jar:"/>
    <property name="java.vm.vendor" value="Ubuntu"/>
    <property name="sun.arch.data.model" value="64"/>
    <property name="java.vendor.url" value="https://ubuntu.com/"/>
    <property name="user.timezone" value=""/>
    <property name="java.vm.specification.version" value="11"/>
    <property name="os.name" value="Linux"/>
    <property name="sun.java.launcher" value="SUN_STANDARD"/>
    <property name="user.country" value="US"/>
    <property name="sun.boot.library.path" value="/usr/lib/jvm/java-11-openjdk-amd64/lib"/>
    <property name="sun.java.command" value="/home/runner/GameDev/FlappyBird/target/surefire/surefirebooter2124883084562688817.jar /home/runner/GameDev/FlappyBird/target/surefire 2021-12-13T06-33-46_704-jvmRun1 surefire10844507350836040838tmp surefire_07091569942019440467tmp"/>
    <property name="jdk.debug" value="release"/>
    <property name="surefire.test.class.path" value="/home/runner/GameDev/FlappyBird/target/test-classes:/home/runner/GameDev/FlappyBird/target/classes:/home/runner/.m2/repository/junit/junit/4.11/junit-4.11.jar:/home/runner/.m2/repository/org/hamcrest/hamcrest-core/1.3/hamcrest-core-1.3.jar:/home/runner/.m2/repository/org/lwjgl/lwjgl/3.3.0/lwjgl-3.3.0.jar:/home/runner/.m2/repository/org/lwjgl/lwjgl-assimp/3.3.0/lwjgl-assimp-3.3.0.jar:/home/runner/.m2/repository/org/lwjgl/lwjgl-glfw/3.3.0/lwjgl-glfw-3.3.0.jar:/home/runner/.m2/repository/org/lwjgl/lwjgl-nfd/3.3.0/lwjgl-nfd-3.3.0.jar:/home/runner/.m2/repository/org/lwjgl/lwjgl-openal/3.3.0/lwjgl-openal-3.3.0.jar:/home/runner/.m2/repository/org/lwjgl/lwjgl-opengl/3.3.0/lwjgl-opengl-3.3.0.jar:/home/runner/.m2/repository/org/lwjgl/lwjgl-stb/3.3.0/lwjgl-stb-3.3.0.jar:/home/runner/.m2/repository/org/lwjgl/lwjgl/3.3.0/lwjgl-3.3.0-natives-windows.jar:/home/runner/.m2/repository/org/lwjgl/lwjgl-assimp/3.3.0/lwjgl-assimp-3.3.0-natives-windows.jar:/home/runner/.m2/repository/org/lwjgl/lwjgl-glfw/3.3.0/lwjgl-glfw-3.3.0-natives-windows.jar:/home/runner/.m2/repository/org/lwjgl/lwjgl-nfd/3.3.0/lwjgl-nfd-3.3.0-natives-windows.jar:/home/runner/.m2/repository/org/lwjgl/lwjgl-openal/3.3.0/lwjgl-openal-3.3.0-natives-windows.jar:/home/runner/.m2/repository/org/lwjgl/lwjgl-opengl/3.3.0/lwjgl-opengl-3.3.0-natives-windows.jar:/home/runner/.m2/repository/org/lwjgl/lwjgl-stb/3.3.0/lwjgl-stb-3.3.0-natives-windows.jar:/home/runner/.m2/repository/org/joml/joml/1.10.2/joml-1.10.2.jar:"/>
    <property name="sun.cpu.endian" value="little"/>
    <property name="user.home" value="/home/runner"/>
    <property name="user.language" value="en"/>
    <property name="java.specification.vendor" value="Oracle Corporation"/>
    <property name="java.version.date" value="2021-04-20"/>
    <property name="java.home" value="/usr/lib/jvm/java-11-openjdk-amd64"/>
    <property name="file.separator" value="/"/>
    <property name="basedir" value="/home/runner/GameDev/FlappyBird"/>
    <property name="java.vm.compressedOopsMode" value="32-bit"/>
    <property name="line.separator" value="&#10;"/>
    <property name="java.specification.name" value="Java Platform API Specification"/>
    <property name="java.vm.specification.vendor" value="Oracle Corporation"/>
    <property name="java.awt.graphicsenv" value="sun.awt.X11GraphicsEnvironment"/>
    <property name="surefire.real.class.path" value="/home/runner/GameDev/FlappyBird/target/surefire/surefirebooter2124883084562688817.jar"/>
    <property name="sun.management.compiler" value="HotSpot 64-Bit Tiered Compilers"/>
    <property name="java.runtime.version" value="11.0.11+9-Ubuntu-0ubuntu2.18.04"/>
    <property name="user.name" value="runner"/>
    <property name="path.separator" value=":"/>
    <property name="os.version" value="5.11.0-1023-gcp"/>
    <property name="java.runtime.name" value="OpenJDK Runtime Environment"/>
    <property name="file.encoding" value="UTF-8"/>
    <property name="java.vm.name" value="OpenJDK 64-Bit Server VM"/>
    <property name="localRepository" value="/home/runner/.m2/repository"/>
    <property name="java.vendor.url.bug" value="https://bugs.launchpad.net/ubuntu/+source/openjdk-lts"/>
    <property name="java.io.tmpdir" value="/tmp"/>
    <property name="java.version" value="11.0.11"/>
    <property name="user.dir" value="/home/runner/GameDev/FlappyBird"/>
    <property name="os.arch" value="amd64"/>
    <property name="java.vm.specification.name" value="Java Virtual Machine Specification"/>
    <property name="java.awt.printerjob" value="sun.print.PSPrinterJob"/>
    <property name="sun.os.patch.level" value="unknown"/>
    <property name="java.library.path" value="/home/runner/.apt/usr/lib/x86_64-linux-gnu:/home/runner/.apt/usr/lib/i386-linux-gnu:/usr/local/lib:/home/runner/.apt/usr/lib:/usr/java/packages/lib:/usr/lib/x86_64-linux-gnu/jni:/lib/x86_64-linux-gnu:/usr/lib/x86_64-linux-gnu:/usr/lib/jni:/lib:/usr/lib"/>
    <property name="java.vm.info" value="mixed mode, sharing"/>
    <property name="java.vendor" value="Ubuntu"/>
    <property name="java.vm.version" value="11.0.11+9-Ubuntu-0ubuntu2.18.04"/>
    <property name="sun.io.unicode.encoding" value="UnicodeLittle"/>
    <property name="java.class.version" value="55.0"/>
  </properties>
  <testcase name="shouldAnswerWithTrue" classname="me.rtgamingwdt.AppTest" time="0.003"/>
</testsuite>